2025-04-14 05:30:23,287 INFO  utils.LoggerHandler - Clicked the Element with locator By.xpath: //a[@class='button--small button--search']
2025-04-14 05:30:24,277 INFO  utils.LoggerHandler - Clicked the Element with locator By.cssSelector: #search-input
2025-04-14 05:30:24,407 INFO  utils.LoggerHandler - Inputed Respiratory in Input Field
2025-04-14 05:30:24,502 INFO  utils.LoggerHandler - Enter Action Performed
2025-04-14 05:30:24,518 INFO  utils.LoggerHandler - Verified The Title
2025-04-14 05:30:26,786 INFO  utils.LoggerHandler - Wait till the Element By.cssSelector: #site-hits > div:nth-child(1) > h2 > a > strong is Clickable
2025-04-14 05:30:26,933 INFO  utils.LoggerHandler - Clicked the Element with locator By.cssSelector: #site-hits > div:nth-child(1) > h2 > a > strong
2025-04-14 05:30:29,493 INFO  utils.LoggerHandler - Retrived Text From By.cssSelector: .hero-content__title
2025-04-14 05:30:32,101 INFO  utils.LoggerHandler - Hovered Over the Element And Clicked the element with locator By.xpath: //a[@class='tab-link js-tab-link selected']
2025-04-14 05:30:32,136 INFO  utils.LoggerHandler - Verified The Title
2025-04-14 05:30:34,311 INFO  utils.LoggerHandler - Hovered Over the Element And Clicked the element with locator By.xpath: //a[@class='tab-link js-tab-link'][1]
2025-04-14 05:30:34,333 INFO  utils.LoggerHandler - Verified The Title
2025-04-14 05:30:37,667 INFO  utils.LoggerHandler - Hovered Over the Element And Clicked the element with locator By.xpath: //a[@class='nav--section__link js-search-filter-click'][1]
2025-04-14 05:30:37,762 INFO  utils.LoggerHandler - Wait till the Element By.cssSelector: #Specialist is Clickable
2025-04-14 05:30:39,926 INFO  utils.LoggerHandler - Hovered Over the Element And Clicked the element with locator By.cssSelector: #Specialist
2025-04-14 05:30:40,572 INFO  utils.LoggerHandler - Wait till the Element By.cssSelector: #Male is Clickable
2025-04-14 05:30:42,741 INFO  utils.LoggerHandler - Hovered Over the Element And Clicked the element with locator By.cssSelector: #Male
2025-04-14 05:30:43,408 INFO  utils.LoggerHandler - Wait till the Element By.cssSelector: #Female is Clickable
2025-04-14 05:30:45,572 INFO  utils.LoggerHandler - Hovered Over the Element And Clicked the element with locator By.cssSelector: #Female
2025-04-14 05:30:45,587 INFO  utils.LoggerHandler - Verified The Title
2025-04-14 05:30:46,746 INFO  utils.LoggerHandler - Wait till the Element By.xpath: //*[@id='hits']/div[1]/h2/a is Clickable
2025-04-14 05:30:48,949 INFO  utils.LoggerHandler - Hovered Over the Element And Clicked the element with locator By.xpath: //*[@id='hits']/div[1]/h2/a
2025-04-14 05:30:48,997 INFO  utils.LoggerHandler - Driver Switched to new Window
2025-04-14 05:30:50,057 INFO  utils.LoggerHandler - Verified The Url
2025-04-14 05:30:50,080 INFO  utils.LoggerHandler - Retrived Text From By.xpath: //div[@class='l-66-33--1']
