2025-04-14 05:22:02,826 INFO  utils.LoggerHandler - Clicked the Element with locator By.xpath: //a[@class='button--small button--search']
2025-04-14 05:22:03,703 INFO  utils.LoggerHandler - Clicked the Element with locator By.cssSelector: #search-input
2025-04-14 05:22:03,842 INFO  utils.LoggerHandler - Inputed Respiratory in Input Field
2025-04-14 05:22:03,901 INFO  utils.LoggerHandler - Enter Action Performed
2025-04-14 05:22:03,921 INFO  utils.LoggerHandler - Verified The Title
2025-04-14 05:22:05,576 INFO  utils.LoggerHandler - Wait till the Element By.cssSelector: #site-hits > div:nth-child(1) > h2 > a > strong is Clickable
2025-04-14 05:22:05,797 INFO  utils.LoggerHandler - Clicked the Element with locator By.cssSelector: #site-hits > div:nth-child(1) > h2 > a > strong
2025-04-14 05:22:07,989 INFO  utils.LoggerHandler - Retrived Text From By.cssSelector: .hero-content__title
2025-04-14 05:22:10,202 INFO  utils.LoggerHandler - Hovered Over the Element And Clicked the element with locator By.xpath: //a[@class='tab-link js-tab-link selected']
2025-04-14 05:22:10,224 INFO  utils.LoggerHandler - Verified The Title
2025-04-14 05:22:12,424 INFO  utils.LoggerHandler - Hovered Over the Element And Clicked the element with locator By.xpath: //a[@class='tab-link js-tab-link'][1]
2025-04-14 05:22:12,477 INFO  utils.LoggerHandler - Verified The Title
2025-04-14 05:22:15,914 INFO  utils.LoggerHandler - Hovered Over the Element And Clicked the element with locator By.xpath: //a[@class='nav--section__link js-search-filter-click'][1]
2025-04-14 05:22:16,012 INFO  utils.LoggerHandler - Wait till the Element By.cssSelector: #Specialist is Clickable
2025-04-14 05:22:18,231 INFO  utils.LoggerHandler - Hovered Over the Element And Clicked the element with locator By.cssSelector: #Specialist
2025-04-14 05:22:18,860 INFO  utils.LoggerHandler - Wait till the Element By.cssSelector: #Male is Clickable
2025-04-14 05:22:21,019 INFO  utils.LoggerHandler - Hovered Over the Element And Clicked the element with locator By.cssSelector: #Male
2025-04-14 05:22:21,645 INFO  utils.LoggerHandler - Wait till the Element By.cssSelector: #Female is Clickable
2025-04-14 05:22:23,809 INFO  utils.LoggerHandler - Hovered Over the Element And Clicked the element with locator By.cssSelector: #Female
2025-04-14 05:22:23,826 INFO  utils.LoggerHandler - Verified The Title
2025-04-14 05:22:24,992 INFO  utils.LoggerHandler - Wait till the Element By.xpath: //*[@id='hits']/div[1]/h2/a is Clickable
2025-04-14 05:22:27,213 INFO  utils.LoggerHandler - Hovered Over the Element And Clicked the element with locator By.xpath: //*[@id='hits']/div[1]/h2/a
2025-04-14 05:22:27,775 INFO  utils.LoggerHandler - Driver Switched to new Window
2025-04-14 05:22:28,067 INFO  utils.LoggerHandler - Verified The Url
2025-04-14 05:22:28,087 INFO  utils.LoggerHandler - Retrived Text From By.xpath: //div[@class='l-66-33--1']
