2025-04-12 20:49:48,376 INFO  utils.LoggerHandler - Clicked the Element with locator By.cssSelector: [title='Diseases & Conditions']
2025-04-12 20:49:49,169 INFO  utils.LoggerHandler - Wait till the Element By.cssSelector: h1[class='page-header__title lede'] is Visible
2025-04-12 20:49:49,515 INFO  utils.LoggerHandler - Clicked the Element with locator By.cssSelector: [href='/health/diagnostics']
2025-04-12 20:49:49,963 INFO  utils.LoggerHandler - Wait till the Element By.cssSelector: h1[class='page-header__title lede'] is Visible
2025-04-12 20:49:50,240 INFO  utils.LoggerHandler - Clicked the Element with locator By.cssSelector: [href='/health/treatments']
2025-04-12 20:49:50,636 INFO  utils.LoggerHandler - Wait till the Element By.cssSelector: h1[class='page-header__title lede'] is Visible
2025-04-12 20:49:50,920 INFO  utils.LoggerHandler - Clicked the Element with locator By.cssSelector: [href='/health/body']
2025-04-12 20:49:51,365 INFO  utils.LoggerHandler - Wait till the Element By.cssSelector: h1[class='page-header__title lede'] is Visible
2025-04-12 20:49:51,672 INFO  utils.LoggerHandler - Clicked the Element with locator By.cssSelector: [href='/health/drugs']
2025-04-12 20:49:52,251 INFO  utils.LoggerHandler - Wait till the Element By.cssSelector: h1[class='page-header__title lede'] is Visible
2025-04-12 20:49:57,756 INFO  utils.LoggerHandler - Hovered Over the Element with locator By.xpath: //h3[@id='join-our-nursing-tea']
2025-04-12 20:49:57,940 INFO  utils.LoggerHandler - Clicked the Element with locator By.xpath: //h3[@id='join-our-nursing-tea']
2025-04-12 20:50:00,097 INFO  utils.LoggerHandler - Hovered Over the Element with locator By.cssSelector: [href='https://jobs.clevelandclinic.org/nursing/']
2025-04-12 20:50:00,317 INFO  utils.LoggerHandler - Clicked the Element with locator By.cssSelector: [href='https://jobs.clevelandclinic.org/nursing/']
2025-04-12 20:50:00,362 INFO  utils.LoggerHandler - Driver Switched to new Window
2025-04-12 20:50:02,371 INFO  utils.LoggerHandler - Title Mismatchexpected [null] but found [Nursing - Cleveland Clinic Careers]
2025-04-12 20:50:04,681 INFO  utils.LoggerHandler - Hovered Over the Element with locator By.xpath: //h3[@id='careers']
2025-04-12 20:50:04,823 INFO  utils.LoggerHandler - Clicked the Element with locator By.xpath: //h3[@id='careers']
2025-04-12 20:50:07,006 INFO  utils.LoggerHandler - Hovered Over the Element with locator By.xpath: //a[contains(text(),'Find your career')]
2025-04-12 20:50:07,218 INFO  utils.LoggerHandler - Clicked the Element with locator By.xpath: //a[contains(text(),'Find your career')]
2025-04-12 20:50:07,671 INFO  utils.LoggerHandler - Driver Switched to new Window
2025-04-12 20:50:08,820 INFO  utils.LoggerHandler - Title Mismatchexpected [null] but found [Home - Cleveland Clinic Careers]
2025-04-12 20:50:09,149 INFO  utils.LoggerHandler - Clicked the Element with locator By.xpath: //h3[@id='refer-a-patient']
2025-04-12 20:50:09,461 INFO  utils.LoggerHandler - Clicked the Element with locator By.xpath: //a[contains(text(),'Referring Physician team')]
2025-04-12 20:50:09,514 INFO  utils.LoggerHandler - Driver Switched to new Window
2025-04-12 20:50:10,135 INFO  utils.LoggerHandler - Title Mismatchexpected [null] but found [Referring a Patient | Cleveland Clinic]
