2025-04-14 05:36:51,156 INFO  utils.LoggerHandler - Clicked the Element with locator By.xpath: //a[@class='button--small button--search']
2025-04-14 05:36:51,882 INFO  utils.LoggerHandler - Clicked the Element with locator By.cssSelector: #search-input
2025-04-14 05:36:52,049 INFO  utils.LoggerHandler - Inputed Respiratory in Input Field
2025-04-14 05:36:52,101 INFO  utils.LoggerHandler - Enter Action Performed
2025-04-14 05:36:52,116 INFO  utils.LoggerHandler - Verified The Title
2025-04-14 05:36:53,813 INFO  utils.LoggerHandler - Wait till the Element By.cssSelector: #site-hits > div:nth-child(1) > h2 > a > strong is Clickable
2025-04-14 05:36:53,916 INFO  utils.LoggerHandler - Clicked the Element with locator By.cssSelector: #site-hits > div:nth-child(1) > h2 > a > strong
2025-04-14 05:36:55,876 INFO  utils.LoggerHandler - Retrived Text From By.cssSelector: .hero-content__title
2025-04-14 05:36:58,233 INFO  utils.LoggerHandler - Hovered Over the Element And Clicked the element with locator By.xpath: //a[@class='tab-link js-tab-link selected']
2025-04-14 05:36:58,254 INFO  utils.LoggerHandler - Verified The Title
2025-04-14 05:37:00,462 INFO  utils.LoggerHandler - Hovered Over the Element And Clicked the element with locator By.xpath: //a[@class='tab-link js-tab-link'][1]
2025-04-14 05:37:00,481 INFO  utils.LoggerHandler - Verified The Title
2025-04-14 05:37:03,768 INFO  utils.LoggerHandler - Hovered Over the Element And Clicked the element with locator By.xpath: //a[@class='nav--section__link js-search-filter-click'][1]
2025-04-14 05:37:03,875 INFO  utils.LoggerHandler - Wait till the Element By.cssSelector: #Specialist is Clickable
2025-04-14 05:37:06,097 INFO  utils.LoggerHandler - Hovered Over the Element And Clicked the element with locator By.cssSelector: #Specialist
2025-04-14 05:37:06,733 INFO  utils.LoggerHandler - Wait till the Element By.cssSelector: #Male is Clickable
2025-04-14 05:37:08,890 INFO  utils.LoggerHandler - Hovered Over the Element And Clicked the element with locator By.cssSelector: #Male
2025-04-14 05:37:09,519 INFO  utils.LoggerHandler - Wait till the Element By.cssSelector: #Female is Clickable
2025-04-14 05:37:11,673 INFO  utils.LoggerHandler - Hovered Over the Element And Clicked the element with locator By.cssSelector: #Female
2025-04-14 05:37:11,689 INFO  utils.LoggerHandler - Verified The Title
2025-04-14 05:37:12,880 INFO  utils.LoggerHandler - Wait till the Element By.xpath: //*[@id='hits']/div[1]/h2/a is Clickable
2025-04-14 05:37:15,080 INFO  utils.LoggerHandler - Hovered Over the Element And Clicked the element with locator By.xpath: //*[@id='hits']/div[1]/h2/a
2025-04-14 05:37:15,187 INFO  utils.LoggerHandler - Driver Switched to new Window
2025-04-14 05:37:16,112 INFO  utils.LoggerHandler - Verified The Url
2025-04-14 05:37:16,136 INFO  utils.LoggerHandler - Retrived Text From By.xpath: //div[@class='l-66-33--1']
