2025-04-14 06:22:26,727 INFO  utils.LoggerHandler - Clicked the Element with locator By.cssSelector: [title='Diseases & Conditions']
2025-04-14 06:22:27,440 INFO  utils.LoggerHandler - Wait till the Element By.cssSelector: h1[class='page-header__title lede'] is Visible
2025-04-14 06:22:27,823 INFO  utils.LoggerHandler - Clicked the Element with locator By.cssSelector: [href='/health/diagnostics']
2025-04-14 06:22:28,233 INFO  utils.LoggerHandler - Wait till the Element By.cssSelector: h1[class='page-header__title lede'] is Visible
2025-04-14 06:22:28,560 INFO  utils.LoggerHandler - Clicked the Element with locator By.cssSelector: [href='/health/treatments']
2025-04-14 06:22:28,969 INFO  utils.LoggerHandler - Wait till the Element By.cssSelector: h1[class='page-header__title lede'] is Visible
2025-04-14 06:22:29,254 INFO  utils.LoggerHandler - Clicked the Element with locator By.cssSelector: [href='/health/body']
2025-04-14 06:22:29,678 INFO  utils.LoggerHandler - Wait till the Element By.cssSelector: h1[class='page-header__title lede'] is Visible
2025-04-14 06:22:29,973 INFO  utils.LoggerHandler - Clicked the Element with locator By.cssSelector: [href='/health/drugs']
2025-04-14 06:22:30,525 INFO  utils.LoggerHandler - Wait till the Element By.cssSelector: h1[class='page-header__title lede'] is Visible
2025-04-14 06:22:35,818 INFO  utils.LoggerHandler - Hovered Over the Element with locator By.xpath: //h3[@id='join-our-nursing-tea']
2025-04-14 06:22:35,977 INFO  utils.LoggerHandler - Clicked the Element with locator By.xpath: //h3[@id='join-our-nursing-tea']
2025-04-14 06:22:38,129 INFO  utils.LoggerHandler - Hovered Over the Element with locator By.cssSelector: [href='https://jobs.clevelandclinic.org/nursing/']
2025-04-14 06:22:38,318 INFO  utils.LoggerHandler - Clicked the Element with locator By.cssSelector: [href='https://jobs.clevelandclinic.org/nursing/']
2025-04-14 06:22:38,403 INFO  utils.LoggerHandler - Driver Switched to new Window
2025-04-14 06:22:40,671 INFO  utils.LoggerHandler - Hovered Over the Element with locator By.xpath: //h3[@id='careers']
2025-04-14 06:22:40,814 INFO  utils.LoggerHandler - Clicked the Element with locator By.xpath: //h3[@id='careers']
2025-04-14 06:22:42,980 INFO  utils.LoggerHandler - Hovered Over the Element with locator By.xpath: //a[contains(text(),'Find your career')]
2025-04-14 06:22:43,182 INFO  utils.LoggerHandler - Clicked the Element with locator By.xpath: //a[contains(text(),'Find your career')]
2025-04-14 06:22:43,338 INFO  utils.LoggerHandler - Driver Switched to new Window
2025-04-14 06:22:43,822 INFO  utils.LoggerHandler - Clicked the Element with locator By.xpath: //h3[@id='refer-a-patient']
2025-04-14 06:22:44,087 INFO  utils.LoggerHandler - Clicked the Element with locator By.xpath: //a[contains(text(),'Referring Physician team')]
2025-04-14 06:22:44,096 INFO  utils.LoggerHandler - Driver Switched to new Window
